2025-10-04 22:35:13,335 [INFO] Scheduler started
2025-10-04 22:35:13,342 [INFO] Added job "safe_job.<locals>.wrapper" to job store "default"
2025-10-04 22:35:13,343 [INFO] Added job "safe_job.<locals>.wrapper" to job store "default"
2025-10-04 22:35:13,343 [INFO] Added job "safe_job.<locals>.wrapper" to job store "default"
2025-10-04 22:36:00,001 [INFO] Running job "safe_job.<locals>.wrapper (trigger: cron[day_of_week='sat', hour='22', minute='36'], next run at: 2025-10-04 22:36:00 CDT)" (scheduled at 2025-10-04 22:36:00-05:00)
2025-10-04 22:36:00,002 [INFO] 
[2025-10-04 22:36:00.002114] Running prediction...
2025-10-04 22:36:10,891 [INFO] Saved dataset with 20 rows
2025-10-04 22:36:10,907 [INFO] Predicted Finishing Order:
2025-10-04 22:36:10,908 [INFO]       race_id                  race        driver_name  driver_number  predicted_rank
0   2025_1270  Singapore Grand Prix     George RUSSELL             63             1.0
1   2025_1270  Singapore Grand Prix     Max VERSTAPPEN              1             2.0
2   2025_1270  Singapore Grand Prix      Oscar PIASTRI             81             3.0
4   2025_1270  Singapore Grand Prix       Lando NORRIS              4             4.0
3   2025_1270  Singapore Grand Prix     Kimi ANTONELLI             12             5.0
5   2025_1270  Singapore Grand Prix     Lewis HAMILTON             44             6.0
6   2025_1270  Singapore Grand Prix    Charles LECLERC             16             7.0
12  2025_1270  Singapore Grand Prix       Yuki TSUNODA             22             8.0
9   2025_1270  Singapore Grand Prix    Fernando ALONSO             14             9.0
7   2025_1270  Singapore Grand Prix       Isack HADJAR              6            10.0
8   2025_1270  Singapore Grand Prix     Oliver BEARMAN             87            11.0
14  2025_1270  Singapore Grand Prix       Lance STROLL             18            12.0
10  2025_1270  Singapore Grand Prix    Nico HULKENBERG             27            13.0
11  2025_1270  Singapore Grand Prix        Liam LAWSON             30            14.0
13  2025_1270  Singapore Grand Prix  Gabriel BORTOLETO              5            15.0
15  2025_1270  Singapore Grand Prix   Franco COLAPINTO             43            16.0
18  2025_1270  Singapore Grand Prix       Carlos SAINZ             55            17.0
19  2025_1270  Singapore Grand Prix    Alexander ALBON             23            18.0
16  2025_1270  Singapore Grand Prix       Esteban OCON             31            19.0
17  2025_1270  Singapore Grand Prix       Pierre GASLY             10            20.0
2025-10-04 22:36:10,916 [INFO] Predictions logged.
2025-10-04 22:36:10,916 [INFO] Job "safe_job.<locals>.wrapper (trigger: cron[day_of_week='sat', hour='22', minute='36'], next run at: 2025-10-11 22:36:00 CDT)" executed successfully
